This file contains any messages produced by compilers while
running configure, to aid debugging if configure makes a mistake.

It was created by webCrawler configure VERSION, which was
generated by GNU Autoconf 2.68.  Invocation command line was

  $ ./configure 

## --------- ##
## Platform. ##
## --------- ##

hostname = Irma
uname -m = i686
uname -r = 3.0.0-15-generic-pae
uname -s = Linux
uname -v = #26-Ubuntu SMP Fri Jan 20 17:07:31 UTC 2012

/usr/bin/uname -p = unknown
/bin/uname -X     = unknown

/bin/arch              = unknown
/usr/bin/arch -k       = unknown
/usr/convex/getsysinfo = unknown
/usr/bin/hostinfo      = unknown
/bin/machine           = unknown
/usr/bin/oslevel       = unknown
/bin/universe          = unknown

PATH: /home/dodo/.rvm/gems/ruby-1.9.2-p290/bin
PATH: /home/dodo/.rvm/gems/ruby-1.9.2-p290@global/bin
PATH: /home/dodo/.rvm/rubies/ruby-1.9.2-p290/bin
PATH: /home/dodo/.rvm/bin
PATH: /usr/lib/lightdm/lightdm
PATH: /usr/local/sbin
PATH: /usr/local/bin
PATH: /usr/sbin
PATH: /usr/bin
PATH: /sbin
PATH: /bin
PATH: /usr/games


## ----------- ##
## Core tests. ##
## ----------- ##

configure:2214: checking for a BSD-compatible install
configure:2282: result: /usr/bin/install -c
configure:2293: checking whether build environment is sane
configure:2343: result: yes
configure:2484: checking for a thread-safe mkdir -p
configure:2523: result: /bin/mkdir -p
configure:2536: checking for gawk
configure:2552: found /usr/bin/gawk
configure:2563: result: gawk
configure:2574: checking whether make sets $(MAKE)
configure:2596: result: yes
configure:2729: checking for gcc
configure:2745: found /usr/bin/gcc
configure:2756: result: gcc
configure:2985: checking for C compiler version
configure:2994: gcc --version >&5
gcc (Ubuntu/Linaro 4.6.1-9ubuntu3) 4.6.1
Copyright (C) 2011 Free Software Foundation, Inc.
This is free software; see the source for copying conditions.  There is NO
warranty; not even for MERCHANTABILITY or FITNESS FOR A PARTICULAR PURPOSE.

configure:3005: $? = 0
configure:2994: gcc -v >&5
Using built-in specs.
COLLECT_GCC=gcc
COLLECT_LTO_WRAPPER=/usr/lib/gcc/i686-linux-gnu/4.6.1/lto-wrapper
Target: i686-linux-gnu
Configured with: ../src/configure -v --with-pkgversion='Ubuntu/Linaro 4.6.1-9ubuntu3' --with-bugurl=file:///usr/share/doc/gcc-4.6/README.Bugs --enable-languages=c,c++,fortran,objc,obj-c++,go --prefix=/usr --program-suffix=-4.6 --enable-shared --enable-linker-build-id --with-system-zlib --libexecdir=/usr/lib --without-included-gettext --enable-threads=posix --with-gxx-include-dir=/usr/include/c++/4.6 --libdir=/usr/lib --enable-nls --with-sysroot=/ --enable-clocale=gnu --enable-libstdcxx-debug --enable-libstdcxx-time=yes --enable-plugin --enable-objc-gc --enable-targets=all --disable-werror --with-arch-32=i686 --with-tune=generic --enable-checking=release --build=i686-linux-gnu --host=i686-linux-gnu --target=i686-linux-gnu
Thread model: posix
gcc version 4.6.1 (Ubuntu/Linaro 4.6.1-9ubuntu3) 
configure:3005: $? = 0
configure:2994: gcc -V >&5
gcc: error: unrecognized option '-V'
gcc: fatal error: no input files
compilation terminated.
configure:3005: $? = 4
configure:2994: gcc -qversion >&5
gcc: error: unrecognized option '-qversion'
gcc: fatal error: no input files
compilation terminated.
configure:3005: $? = 4
configure:3025: checking whether the C compiler works
configure:3047: gcc    conftest.c  >&5
configure:3051: $? = 0
configure:3099: result: yes
configure:3102: checking for C compiler default output file name
configure:3104: result: a.out
configure:3110: checking for suffix of executables
configure:3117: gcc -o conftest    conftest.c  >&5
configure:3121: $? = 0
configure:3143: result: 
configure:3165: checking whether we are cross compiling
configure:3173: gcc -o conftest    conftest.c  >&5
configure:3177: $? = 0
configure:3184: ./conftest
configure:3188: $? = 0
configure:3203: result: no
configure:3208: checking for suffix of object files
configure:3230: gcc -c   conftest.c >&5
configure:3234: $? = 0
configure:3255: result: o
configure:3259: checking whether we are using the GNU C compiler
configure:3278: gcc -c   conftest.c >&5
configure:3278: $? = 0
configure:3287: result: yes
configure:3296: checking whether gcc accepts -g
configure:3316: gcc -c -g  conftest.c >&5
configure:3316: $? = 0
configure:3357: result: yes
configure:3374: checking for gcc option to accept ISO C89
configure:3438: gcc  -c -g -O2  conftest.c >&5
configure:3438: $? = 0
configure:3451: result: none needed
configure:3482: checking for style of include used by make
configure:3510: result: GNU
configure:3535: checking dependency style of gcc
configure:3645: result: gcc3
configure:3664: checking for curl_easy_init in -lcurl
configure:3689: gcc -o conftest -g -O2   conftest.c -lcurl   >&5
configure:3689: $? = 0
configure:3698: result: yes
configure:3710: checking for pcre_exec in -lpcre
configure:3735: gcc -o conftest -g -O2   conftest.c -lpcre  -lcurl  >&5
configure:3735: $? = 0
configure:3744: result: yes
configure:3756: checking for sqlite3_open in -lsqlite3
configure:3781: gcc -o conftest -g -O2   conftest.c -lsqlite3  -lpcre -lcurl  >&5
configure:3781: $? = 0
configure:3790: result: yes
configure:3802: checking for xmlFreeDoc in -lxml2
configure:3827: gcc -o conftest -g -O2   conftest.c -lxml2  -lsqlite3 -lpcre -lcurl  >&5
configure:3827: $? = 0
configure:3836: result: yes
configure:3854: checking how to run the C preprocessor
configure:3885: gcc -E  conftest.c
configure:3885: $? = 0
configure:3899: gcc -E  conftest.c
conftest.c:15:28: fatal error: ac_nonexistent.h: No such file or directory
compilation terminated.
configure:3899: $? = 1
configure: failed program was:
| /* confdefs.h */
| #define PACKAGE_NAME "webCrawler"
| #define PACKAGE_TARNAME "webcrawler"
| #define PACKAGE_VERSION "VERSION"
| #define PACKAGE_STRING "webCrawler VERSION"
| #define PACKAGE_BUGREPORT "BUG-REPORT-ADDRESS"
| #define PACKAGE_URL ""
| #define PACKAGE "webCrawler"
| #define VERSION "1.0"
| #define HAVE_LIBCURL 1
| #define HAVE_LIBPCRE 1
| #define HAVE_LIBSQLITE3 1
| #define HAVE_LIBXML2 1
| /* end confdefs.h.  */
| #include <ac_nonexistent.h>
configure:3924: result: gcc -E
configure:3944: gcc -E  conftest.c
configure:3944: $? = 0
configure:3958: gcc -E  conftest.c
conftest.c:15:28: fatal error: ac_nonexistent.h: No such file or directory
compilation terminated.
configure:3958: $? = 1
configure: failed program was:
| /* confdefs.h */
| #define PACKAGE_NAME "webCrawler"
| #define PACKAGE_TARNAME "webcrawler"
| #define PACKAGE_VERSION "VERSION"
| #define PACKAGE_STRING "webCrawler VERSION"
| #define PACKAGE_BUGREPORT "BUG-REPORT-ADDRESS"
| #define PACKAGE_URL ""
| #define PACKAGE "webCrawler"
| #define VERSION "1.0"
| #define HAVE_LIBCURL 1
| #define HAVE_LIBPCRE 1
| #define HAVE_LIBSQLITE3 1
| #define HAVE_LIBXML2 1
| /* end confdefs.h.  */
| #include <ac_nonexistent.h>
configure:3987: checking for grep that handles long lines and -e
configure:4045: result: /bin/grep
configure:4050: checking for egrep
configure:4112: result: /bin/grep -E
configure:4117: checking for ANSI C header files
configure:4137: gcc -c -g -O2  conftest.c >&5
configure:4137: $? = 0
configure:4210: gcc -o conftest -g -O2   conftest.c -lxml2 -lsqlite3 -lpcre -lcurl  >&5
configure:4210: $? = 0
configure:4210: ./conftest
configure:4210: $? = 0
configure:4221: result: yes
configure:4234: checking for sys/types.h
configure:4234: gcc -c -g -O2  conftest.c >&5
configure:4234: $? = 0
configure:4234: result: yes
configure:4234: checking for sys/stat.h
configure:4234: gcc -c -g -O2  conftest.c >&5
configure:4234: $? = 0
configure:4234: result: yes
configure:4234: checking for stdlib.h
configure:4234: gcc -c -g -O2  conftest.c >&5
configure:4234: $? = 0
configure:4234: result: yes
configure:4234: checking for string.h
configure:4234: gcc -c -g -O2  conftest.c >&5
configure:4234: $? = 0
configure:4234: result: yes
configure:4234: checking for memory.h
configure:4234: gcc -c -g -O2  conftest.c >&5
configure:4234: $? = 0
configure:4234: result: yes
configure:4234: checking for strings.h
configure:4234: gcc -c -g -O2  conftest.c >&5
configure:4234: $? = 0
configure:4234: result: yes
configure:4234: checking for inttypes.h
configure:4234: gcc -c -g -O2  conftest.c >&5
configure:4234: $? = 0
configure:4234: result: yes
configure:4234: checking for stdint.h
configure:4234: gcc -c -g -O2  conftest.c >&5
configure:4234: $? = 0
configure:4234: result: yes
configure:4234: checking for unistd.h
configure:4234: gcc -c -g -O2  conftest.c >&5
configure:4234: $? = 0
configure:4234: result: yes
configure:4249: checking for stdlib.h
configure:4249: result: yes
configure:4249: checking for string.h
configure:4249: result: yes
configure:4261: checking for size_t
configure:4261: gcc -c -g -O2  conftest.c >&5
configure:4261: $? = 0
configure:4261: gcc -c -g -O2  conftest.c >&5
conftest.c: In function 'main':
conftest.c:63:21: error: expected expression before ')' token
configure:4261: $? = 1
configure: failed program was:
| /* confdefs.h */
| #define PACKAGE_NAME "webCrawler"
| #define PACKAGE_TARNAME "webcrawler"
| #define PACKAGE_VERSION "VERSION"
| #define PACKAGE_STRING "webCrawler VERSION"
| #define PACKAGE_BUGREPORT "BUG-REPORT-ADDRESS"
| #define PACKAGE_URL ""
| #define PACKAGE "webCrawler"
| #define VERSION "1.0"
| #define HAVE_LIBCURL 1
| #define HAVE_LIBPCRE 1
| #define HAVE_LIBSQLITE3 1
| #define HAVE_LIBXML2 1
| #define STDC_HEADERS 1
| #define HAVE_SYS_TYPES_H 1
| #define HAVE_SYS_STAT_H 1
| #define HAVE_STDLIB_H 1
| #define HAVE_STRING_H 1
| #define HAVE_MEMORY_H 1
| #define HAVE_STRINGS_H 1
| #define HAVE_INTTYPES_H 1
| #define HAVE_STDINT_H 1
| #define HAVE_UNISTD_H 1
| #define HAVE_STDLIB_H 1
| #define HAVE_STRING_H 1
| /* end confdefs.h.  */
| #include <stdio.h>
| #ifdef HAVE_SYS_TYPES_H
| # include <sys/types.h>
| #endif
| #ifdef HAVE_SYS_STAT_H
| # include <sys/stat.h>
| #endif
| #ifdef STDC_HEADERS
| # include <stdlib.h>
| # include <stddef.h>
| #else
| # ifdef HAVE_STDLIB_H
| #  include <stdlib.h>
| # endif
| #endif
| #ifdef HAVE_STRING_H
| # if !defined STDC_HEADERS && defined HAVE_MEMORY_H
| #  include <memory.h>
| # endif
| # include <string.h>
| #endif
| #ifdef HAVE_STRINGS_H
| # include <strings.h>
| #endif
| #ifdef HAVE_INTTYPES_H
| # include <inttypes.h>
| #endif
| #ifdef HAVE_STDINT_H
| # include <stdint.h>
| #endif
| #ifdef HAVE_UNISTD_H
| # include <unistd.h>
| #endif
| int
| main ()
| {
| if (sizeof ((size_t)))
| 	    return 0;
|   ;
|   return 0;
| }
configure:4261: result: yes
configure:4272: checking for ssize_t
configure:4272: gcc -c -g -O2  conftest.c >&5
configure:4272: $? = 0
configure:4272: gcc -c -g -O2  conftest.c >&5
conftest.c: In function 'main':
conftest.c:63:22: error: expected expression before ')' token
configure:4272: $? = 1
configure: failed program was:
| /* confdefs.h */
| #define PACKAGE_NAME "webCrawler"
| #define PACKAGE_TARNAME "webcrawler"
| #define PACKAGE_VERSION "VERSION"
| #define PACKAGE_STRING "webCrawler VERSION"
| #define PACKAGE_BUGREPORT "BUG-REPORT-ADDRESS"
| #define PACKAGE_URL ""
| #define PACKAGE "webCrawler"
| #define VERSION "1.0"
| #define HAVE_LIBCURL 1
| #define HAVE_LIBPCRE 1
| #define HAVE_LIBSQLITE3 1
| #define HAVE_LIBXML2 1
| #define STDC_HEADERS 1
| #define HAVE_SYS_TYPES_H 1
| #define HAVE_SYS_STAT_H 1
| #define HAVE_STDLIB_H 1
| #define HAVE_STRING_H 1
| #define HAVE_MEMORY_H 1
| #define HAVE_STRINGS_H 1
| #define HAVE_INTTYPES_H 1
| #define HAVE_STDINT_H 1
| #define HAVE_UNISTD_H 1
| #define HAVE_STDLIB_H 1
| #define HAVE_STRING_H 1
| /* end confdefs.h.  */
| #include <stdio.h>
| #ifdef HAVE_SYS_TYPES_H
| # include <sys/types.h>
| #endif
| #ifdef HAVE_SYS_STAT_H
| # include <sys/stat.h>
| #endif
| #ifdef STDC_HEADERS
| # include <stdlib.h>
| # include <stddef.h>
| #else
| # ifdef HAVE_STDLIB_H
| #  include <stdlib.h>
| # endif
| #endif
| #ifdef HAVE_STRING_H
| # if !defined STDC_HEADERS && defined HAVE_MEMORY_H
| #  include <memory.h>
| # endif
| # include <string.h>
| #endif
| #ifdef HAVE_STRINGS_H
| # include <strings.h>
| #endif
| #ifdef HAVE_INTTYPES_H
| # include <inttypes.h>
| #endif
| #ifdef HAVE_STDINT_H
| # include <stdint.h>
| #endif
| #ifdef HAVE_UNISTD_H
| # include <unistd.h>
| #endif
| int
| main ()
| {
| if (sizeof ((ssize_t)))
| 	    return 0;
|   ;
|   return 0;
| }
configure:4272: result: yes
configure:4287: checking for stdlib.h
configure:4287: result: yes
configure:4297: checking for GNU libc compatible malloc
configure:4321: gcc -o conftest -g -O2   conftest.c -lxml2 -lsqlite3 -lpcre -lcurl  >&5
configure:4321: $? = 0
configure:4321: ./conftest
configure:4321: $? = 0
configure:4331: result: yes
configure:4354: checking for stdlib.h
configure:4354: result: yes
configure:4364: checking for GNU libc compatible realloc
configure:4388: gcc -o conftest -g -O2   conftest.c -lxml2 -lsqlite3 -lpcre -lcurl  >&5
configure:4388: $? = 0
configure:4388: ./conftest
configure:4388: $? = 0
configure:4398: result: yes
configure:4421: checking for memset
configure:4421: gcc -o conftest -g -O2   conftest.c -lxml2 -lsqlite3 -lpcre -lcurl  >&5
conftest.c:54:6: warning: conflicting types for built-in function 'memset' [enabled by default]
configure:4421: $? = 0
configure:4421: result: yes
configure:4563: creating ./config.status

## ---------------------- ##
## Running config.status. ##
## ---------------------- ##

This file was extended by webCrawler config.status VERSION, which was
generated by GNU Autoconf 2.68.  Invocation command line was

  CONFIG_FILES    = 
  CONFIG_HEADERS  = 
  CONFIG_LINKS    = 
  CONFIG_COMMANDS = 
  $ ./config.status 

on Irma

config.status:871: creating Makefile
config.status:871: creating src/Makefile
config.status:871: creating config.h
config.status:1052: config.h is unchanged
config.status:1100: executing depfiles commands

## ---------------- ##
## Cache variables. ##
## ---------------- ##

ac_cv_c_compiler_gnu=yes
ac_cv_env_CC_set=
ac_cv_env_CC_value=
ac_cv_env_CFLAGS_set=
ac_cv_env_CFLAGS_value=
ac_cv_env_CPPFLAGS_set=
ac_cv_env_CPPFLAGS_value=
ac_cv_env_CPP_set=
ac_cv_env_CPP_value=
ac_cv_env_LDFLAGS_set=
ac_cv_env_LDFLAGS_value=
ac_cv_env_LIBS_set=
ac_cv_env_LIBS_value=
ac_cv_env_build_alias_set=
ac_cv_env_build_alias_value=
ac_cv_env_host_alias_set=
ac_cv_env_host_alias_value=
ac_cv_env_target_alias_set=
ac_cv_env_target_alias_value=
ac_cv_func_malloc_0_nonnull=yes
ac_cv_func_memset=yes
ac_cv_func_realloc_0_nonnull=yes
ac_cv_header_inttypes_h=yes
ac_cv_header_memory_h=yes
ac_cv_header_stdc=yes
ac_cv_header_stdint_h=yes
ac_cv_header_stdlib_h=yes
ac_cv_header_string_h=yes
ac_cv_header_strings_h=yes
ac_cv_header_sys_stat_h=yes
ac_cv_header_sys_types_h=yes
ac_cv_header_unistd_h=yes
ac_cv_lib_curl_curl_easy_init=yes
ac_cv_lib_pcre_pcre_exec=yes
ac_cv_lib_sqlite3_sqlite3_open=yes
ac_cv_lib_xml2_xmlFreeDoc=yes
ac_cv_objext=o
ac_cv_path_EGREP='/bin/grep -E'
ac_cv_path_GREP=/bin/grep
ac_cv_path_install='/usr/bin/install -c'
ac_cv_path_mkdir=/bin/mkdir
ac_cv_prog_AWK=gawk
ac_cv_prog_CPP='gcc -E'
ac_cv_prog_ac_ct_CC=gcc
ac_cv_prog_cc_c89=
ac_cv_prog_cc_g=yes
ac_cv_prog_make_make_set=yes
ac_cv_type_size_t=yes
ac_cv_type_ssize_t=yes
am_cv_CC_dependencies_compiler_type=gcc3

## ----------------- ##
## Output variables. ##
## ----------------- ##

ACLOCAL='${SHELL} /media/disk/docs/bakalarka/webCrawler/missing --run aclocal-1.11'
AMDEPBACKSLASH='\'
AMDEP_FALSE='#'
AMDEP_TRUE=''
AMTAR='${SHELL} /media/disk/docs/bakalarka/webCrawler/missing --run tar'
AUTOCONF='${SHELL} /media/disk/docs/bakalarka/webCrawler/missing --run autoconf'
AUTOHEADER='${SHELL} /media/disk/docs/bakalarka/webCrawler/missing --run autoheader'
AUTOMAKE='${SHELL} /media/disk/docs/bakalarka/webCrawler/missing --run automake-1.11'
AWK='gawk'
CC='gcc'
CCDEPMODE='depmode=gcc3'
CFLAGS='-g -O2'
CPP='gcc -E'
CPPFLAGS=''
CYGPATH_W='echo'
DEFS='-DHAVE_CONFIG_H'
DEPDIR='.deps'
ECHO_C=''
ECHO_N='-n'
ECHO_T=''
EGREP='/bin/grep -E'
EXEEXT=''
GREP='/bin/grep'
INSTALL_DATA='${INSTALL} -m 644'
INSTALL_PROGRAM='${INSTALL}'
INSTALL_SCRIPT='${INSTALL}'
INSTALL_STRIP_PROGRAM='$(install_sh) -c -s'
LDFLAGS=''
LIBOBJS=''
LIBS='-lxml2 -lsqlite3 -lpcre -lcurl '
LTLIBOBJS=''
MAKEINFO='${SHELL} /media/disk/docs/bakalarka/webCrawler/missing --run makeinfo'
MKDIR_P='/bin/mkdir -p'
OBJEXT='o'
PACKAGE='webCrawler'
PACKAGE_BUGREPORT='BUG-REPORT-ADDRESS'
PACKAGE_NAME='webCrawler'
PACKAGE_STRING='webCrawler VERSION'
PACKAGE_TARNAME='webcrawler'
PACKAGE_URL=''
PACKAGE_VERSION='VERSION'
PATH_SEPARATOR=':'
SET_MAKE=''
SHELL='/bin/bash'
STRIP=''
VERSION='1.0'
ac_ct_CC='gcc'
am__EXEEXT_FALSE=''
am__EXEEXT_TRUE='#'
am__fastdepCC_FALSE='#'
am__fastdepCC_TRUE=''
am__include='include'
am__isrc=''
am__leading_dot='.'
am__quote=''
am__tar='${AMTAR} chof - "$$tardir"'
am__untar='${AMTAR} xf -'
bindir='${exec_prefix}/bin'
build_alias=''
datadir='${datarootdir}'
datarootdir='${prefix}/share'
docdir='${datarootdir}/doc/${PACKAGE_TARNAME}'
dvidir='${docdir}'
exec_prefix='${prefix}'
host_alias=''
htmldir='${docdir}'
includedir='${prefix}/include'
infodir='${datarootdir}/info'
install_sh='${SHELL} /media/disk/docs/bakalarka/webCrawler/install-sh'
libdir='${exec_prefix}/lib'
libexecdir='${exec_prefix}/libexec'
localedir='${datarootdir}/locale'
localstatedir='${prefix}/var'
mandir='${datarootdir}/man'
mkdir_p='/bin/mkdir -p'
oldincludedir='/usr/include'
pdfdir='${docdir}'
prefix='/usr/local'
program_transform_name='s,x,x,'
psdir='${docdir}'
sbindir='${exec_prefix}/sbin'
sharedstatedir='${prefix}/com'
sysconfdir='${prefix}/etc'
target_alias=''

## ----------- ##
## confdefs.h. ##
## ----------- ##

/* confdefs.h */
#define PACKAGE_NAME "webCrawler"
#define PACKAGE_TARNAME "webcrawler"
#define PACKAGE_VERSION "VERSION"
#define PACKAGE_STRING "webCrawler VERSION"
#define PACKAGE_BUGREPORT "BUG-REPORT-ADDRESS"
#define PACKAGE_URL ""
#define PACKAGE "webCrawler"
#define VERSION "1.0"
#define HAVE_LIBCURL 1
#define HAVE_LIBPCRE 1
#define HAVE_LIBSQLITE3 1
#define HAVE_LIBXML2 1
#define STDC_HEADERS 1
#define HAVE_SYS_TYPES_H 1
#define HAVE_SYS_STAT_H 1
#define HAVE_STDLIB_H 1
#define HAVE_STRING_H 1
#define HAVE_MEMORY_H 1
#define HAVE_STRINGS_H 1
#define HAVE_INTTYPES_H 1
#define HAVE_STDINT_H 1
#define HAVE_UNISTD_H 1
#define HAVE_STDLIB_H 1
#define HAVE_STRING_H 1
#define HAVE_STDLIB_H 1
#define HAVE_MALLOC 1
#define HAVE_STDLIB_H 1
#define HAVE_REALLOC 1
#define HAVE_MEMSET 1

configure: exit 0
